00:31:37.491 [main] INFO  testCases.TC_001_AccountRegistration - TC_001_AccountRegistration Started
00:31:38.279 [main] INFO  testCases.TC_001_AccountRegistration - Application is Launched
00:31:38.368 [main] INFO  testCases.TC_001_AccountRegistration - Account is Clicked
00:31:38.859 [main] INFO  testCases.TC_001_AccountRegistration - Register is Clicked
00:31:38.967 [main] INFO  testCases.TC_001_AccountRegistration - First Name Entered
00:31:39.053 [main] INFO  testCases.TC_001_AccountRegistration - Last Name entered
00:31:39.134 [main] INFO  testCases.TC_001_AccountRegistration - Email Entered
00:31:39.204 [main] INFO  testCases.TC_001_AccountRegistration - Phone Number entered
00:31:39.274 [main] INFO  testCases.TC_001_AccountRegistration - Password id entered
00:31:39.344 [main] INFO  testCases.TC_001_AccountRegistration - Reset Password is entered
00:31:39.405 [main] INFO  testCases.TC_001_AccountRegistration - Privacy policy clicked
00:31:40.223 [main] INFO  testCases.TC_001_AccountRegistration - Continue is clicked
00:31:40.254 [main] INFO  testCases.TC_001_AccountRegistration - Account Registration is passed
00:31:40.256 [main] INFO  testCases.TC_001_AccountRegistration - TC_001_AccountRegistration Completed
00:31:43.357 [main] INFO  testCases.TC_002_Login - Edge Browser is Launched
00:31:43.498 [main] INFO  testCases.TC_002_Login -  Starting TC_002_Login 
00:31:44.252 [main] INFO  testCases.TC_002_Login - Home Page Displayed 
00:31:44.337 [main] INFO  testCases.TC_002_Login - Clicked on My Account 
00:31:44.756 [main] INFO  testCases.TC_002_Login - Clicked on Login 
00:31:44.841 [main] INFO  testCases.TC_002_Login - Provided Email 
00:31:44.897 [main] INFO  testCases.TC_002_Login - Provided Password 
00:31:45.654 [main] INFO  testCases.TC_002_Login - Clicked on Login
00:31:45.688 [main] INFO  testCases.TC_002_Login - Login Success 
00:31:45.688 [main] INFO  testCases.TC_002_Login -  Finished TC_002_Login 
00:36:47.395 [main] INFO  testCases.TC_001_AccountRegistration - Edge Browser is Launched
00:36:47.557 [main] INFO  testCases.TC_001_AccountRegistration - TC_001_AccountRegistration Started
00:36:48.439 [main] INFO  testCases.TC_001_AccountRegistration - Application is Launched
00:36:48.524 [main] INFO  testCases.TC_001_AccountRegistration - Account is Clicked
00:36:49.048 [main] INFO  testCases.TC_001_AccountRegistration - Register is Clicked
00:36:49.115 [main] INFO  testCases.TC_001_AccountRegistration - First Name Entered
00:36:49.172 [main] INFO  testCases.TC_001_AccountRegistration - Last Name entered
00:36:49.229 [main] INFO  testCases.TC_001_AccountRegistration - Email Entered
00:36:49.281 [main] INFO  testCases.TC_001_AccountRegistration - Phone Number entered
00:36:49.334 [main] INFO  testCases.TC_001_AccountRegistration - Password id entered
00:36:49.387 [main] INFO  testCases.TC_001_AccountRegistration - Reset Password is entered
00:36:49.432 [main] INFO  testCases.TC_001_AccountRegistration - Privacy policy clicked
00:36:50.155 [main] INFO  testCases.TC_001_AccountRegistration - Continue is clicked
00:36:50.199 [main] INFO  testCases.TC_001_AccountRegistration - Account Registration is passed
00:36:50.201 [main] INFO  testCases.TC_001_AccountRegistration - TC_001_AccountRegistration Completed
00:36:53.195 [main] INFO  testCases.TC_002_Login - Edge Browser is Launched
00:36:53.348 [main] INFO  testCases.TC_002_Login -  Starting TC_002_Login 
00:36:54.204 [main] INFO  testCases.TC_002_Login - Home Page Displayed 
00:36:54.298 [main] INFO  testCases.TC_002_Login - Clicked on My Account 
00:36:54.697 [main] INFO  testCases.TC_002_Login - Clicked on Login 
00:36:54.964 [main] INFO  testCases.TC_002_Login - Provided Email 
00:36:55.108 [main] INFO  testCases.TC_002_Login - Provided Password 
00:36:55.993 [main] INFO  testCases.TC_002_Login - Clicked on Login
00:36:56.041 [main] INFO  testCases.TC_002_Login - Login Success 
00:36:56.041 [main] INFO  testCases.TC_002_Login -  Finished TC_002_Login 
00:38:45.901 [main] INFO  testCases.TC_001_AccountRegistration - Edge Browser is Launched
00:38:46.080 [main] INFO  testCases.TC_001_AccountRegistration - TC_001_AccountRegistration Started
00:38:46.955 [main] INFO  testCases.TC_001_AccountRegistration - Application is Launched
00:38:47.080 [main] INFO  testCases.TC_001_AccountRegistration - Account is Clicked
00:38:47.595 [main] INFO  testCases.TC_001_AccountRegistration - Register is Clicked
00:38:47.694 [main] INFO  testCases.TC_001_AccountRegistration - First Name Entered
00:38:47.785 [main] INFO  testCases.TC_001_AccountRegistration - Last Name entered
00:38:47.888 [main] INFO  testCases.TC_001_AccountRegistration - Email Entered
00:38:47.973 [main] INFO  testCases.TC_001_AccountRegistration - Phone Number entered
00:38:48.050 [main] INFO  testCases.TC_001_AccountRegistration - Password id entered
00:38:48.125 [main] INFO  testCases.TC_001_AccountRegistration - Reset Password is entered
00:38:48.185 [main] INFO  testCases.TC_001_AccountRegistration - Privacy policy clicked
00:38:48.957 [main] INFO  testCases.TC_001_AccountRegistration - Continue is clicked
00:38:48.988 [main] INFO  testCases.TC_001_AccountRegistration - Account Registration is passed
00:38:48.990 [main] INFO  testCases.TC_001_AccountRegistration - TC_001_AccountRegistration Completed
00:38:52.182 [main] INFO  testCases.TC_002_Login - Edge Browser is Launched
00:38:52.349 [main] INFO  testCases.TC_002_Login -  Starting TC_002_Login 
00:38:53.647 [main] INFO  testCases.TC_002_Login - Home Page Displayed 
00:38:53.723 [main] INFO  testCases.TC_002_Login - Clicked on My Account 
00:38:54.128 [main] INFO  testCases.TC_002_Login - Clicked on Login 
00:38:54.228 [main] INFO  testCases.TC_002_Login - Provided Email 
00:38:54.312 [main] INFO  testCases.TC_002_Login - Provided Password 
00:38:55.193 [main] INFO  testCases.TC_002_Login - Clicked on Login
00:38:55.258 [main] INFO  testCases.TC_002_Login - Login Success 
00:38:55.258 [main] INFO  testCases.TC_002_Login -  Finished TC_002_Login 
00:42:29.945 [main] INFO  testCases.TC_001_AccountRegistration - Edge Browser is Launched
00:42:30.099 [main] INFO  testCases.TC_001_AccountRegistration - TC_001_AccountRegistration Started
00:42:30.959 [main] INFO  testCases.TC_001_AccountRegistration - Application is Launched
00:42:31.061 [main] INFO  testCases.TC_001_AccountRegistration - Account is Clicked
00:42:31.555 [main] INFO  testCases.TC_001_AccountRegistration - Register is Clicked
00:42:31.640 [main] INFO  testCases.TC_001_AccountRegistration - First Name Entered
00:42:31.711 [main] INFO  testCases.TC_001_AccountRegistration - Last Name entered
00:42:31.785 [main] INFO  testCases.TC_001_AccountRegistration - Email Entered
00:42:31.846 [main] INFO  testCases.TC_001_AccountRegistration - Phone Number entered
00:42:31.911 [main] INFO  testCases.TC_001_AccountRegistration - Password id entered
00:42:31.978 [main] INFO  testCases.TC_001_AccountRegistration - Reset Password is entered
00:42:32.036 [main] INFO  testCases.TC_001_AccountRegistration - Privacy policy clicked
00:42:32.797 [main] INFO  testCases.TC_001_AccountRegistration - Continue is clicked
00:42:32.835 [main] INFO  testCases.TC_001_AccountRegistration - Account Registration is passed
00:42:32.837 [main] INFO  testCases.TC_001_AccountRegistration - TC_001_AccountRegistration Completed
00:42:36.564 [main] INFO  testCases.TC_002_Login - Edge Browser is Launched
00:42:36.704 [main] INFO  testCases.TC_002_Login -  Starting TC_002_Login 
00:42:37.511 [main] INFO  testCases.TC_002_Login - Home Page Displayed 
00:42:37.584 [main] INFO  testCases.TC_002_Login - Clicked on My Account 
00:42:37.978 [main] INFO  testCases.TC_002_Login - Clicked on Login 
00:42:38.102 [main] INFO  testCases.TC_002_Login - Provided Email 
00:42:38.182 [main] INFO  testCases.TC_002_Login - Provided Password 
00:42:38.976 [main] INFO  testCases.TC_002_Login - Clicked on Login
00:42:39.015 [main] INFO  testCases.TC_002_Login - Login Success 
00:42:39.015 [main] INFO  testCases.TC_002_Login -  Finished TC_002_Login 
00:43:13.153 [main] INFO  testCases.TC_001_AccountRegistration - Edge Browser is Launched
00:43:13.337 [main] INFO  testCases.TC_001_AccountRegistration - TC_001_AccountRegistration Started
00:43:14.155 [main] INFO  testCases.TC_001_AccountRegistration - Application is Launched
00:43:14.247 [main] INFO  testCases.TC_001_AccountRegistration - Account is Clicked
00:43:14.853 [main] INFO  testCases.TC_001_AccountRegistration - Register is Clicked
00:43:14.932 [main] INFO  testCases.TC_001_AccountRegistration - First Name Entered
00:43:15.009 [main] INFO  testCases.TC_001_AccountRegistration - Last Name entered
00:43:15.089 [main] INFO  testCases.TC_001_AccountRegistration - Email Entered
00:43:15.160 [main] INFO  testCases.TC_001_AccountRegistration - Phone Number entered
00:43:15.229 [main] INFO  testCases.TC_001_AccountRegistration - Password id entered
00:43:15.297 [main] INFO  testCases.TC_001_AccountRegistration - Reset Password is entered
00:43:15.361 [main] INFO  testCases.TC_001_AccountRegistration - Privacy policy clicked
00:43:16.152 [main] INFO  testCases.TC_001_AccountRegistration - Continue is clicked
00:43:16.185 [main] INFO  testCases.TC_001_AccountRegistration - Account Registration is passed
00:43:16.187 [main] INFO  testCases.TC_001_AccountRegistration - TC_001_AccountRegistration Completed
00:43:19.547 [main] INFO  testCases.TC_002_Login - Edge Browser is Launched
00:43:19.691 [main] INFO  testCases.TC_002_Login -  Starting TC_002_Login 
00:43:20.494 [main] INFO  testCases.TC_002_Login - Home Page Displayed 
00:43:20.570 [main] INFO  testCases.TC_002_Login - Clicked on My Account 
00:43:21.235 [main] INFO  testCases.TC_002_Login - Clicked on Login 
00:43:21.329 [main] INFO  testCases.TC_002_Login - Provided Email 
00:43:21.409 [main] INFO  testCases.TC_002_Login - Provided Password 
00:43:22.207 [main] INFO  testCases.TC_002_Login - Clicked on Login
00:43:22.248 [main] INFO  testCases.TC_002_Login - Login Success 
00:43:22.248 [main] INFO  testCases.TC_002_Login -  Finished TC_002_Login 
00:55:33.661 [main] INFO  testCases.TC_001_AccountRegistration - Edge Browser is Launched
00:55:33.807 [main] INFO  testCases.TC_001_AccountRegistration - TC_001_AccountRegistration Started
00:55:34.570 [main] INFO  testCases.TC_001_AccountRegistration - Application is Launched
00:55:34.641 [main] INFO  testCases.TC_001_AccountRegistration - Account is Clicked
00:55:35.096 [main] INFO  testCases.TC_001_AccountRegistration - Register is Clicked
00:55:35.158 [main] INFO  testCases.TC_001_AccountRegistration - First Name Entered
00:55:35.208 [main] INFO  testCases.TC_001_AccountRegistration - Last Name entered
00:55:35.269 [main] INFO  testCases.TC_001_AccountRegistration - Email Entered
00:55:35.324 [main] INFO  testCases.TC_001_AccountRegistration - Phone Number entered
00:55:35.379 [main] INFO  testCases.TC_001_AccountRegistration - Password id entered
00:55:35.428 [main] INFO  testCases.TC_001_AccountRegistration - Reset Password is entered
00:55:35.472 [main] INFO  testCases.TC_001_AccountRegistration - Privacy policy clicked
00:55:36.206 [main] INFO  testCases.TC_001_AccountRegistration - Continue is clicked
00:55:36.231 [main] INFO  testCases.TC_001_AccountRegistration - Account Registration is passed
00:55:36.233 [main] INFO  testCases.TC_001_AccountRegistration - TC_001_AccountRegistration Completed
00:55:39.409 [main] INFO  testCases.TC_002_Login - Edge Browser is Launched
00:55:39.536 [main] INFO  testCases.TC_002_Login -  Starting TC_002_Login 
00:55:40.224 [main] INFO  testCases.TC_002_Login - Home Page Displayed 
00:55:40.272 [main] INFO  testCases.TC_002_Login - Clicked on My Account 
00:55:40.906 [main] INFO  testCases.TC_002_Login - Clicked on Login 
00:55:40.970 [main] INFO  testCases.TC_002_Login - Provided Email 
00:55:41.018 [main] INFO  testCases.TC_002_Login - Provided Password 
00:55:41.742 [main] INFO  testCases.TC_002_Login - Clicked on Login
00:55:41.774 [main] INFO  testCases.TC_002_Login - Login Success 
00:55:41.774 [main] INFO  testCases.TC_002_Login -  Finished TC_002_Login 
01:01:17.803 [main] INFO  testCases.TC_001_AccountRegistration - Edge Browser is Launched
01:01:17.947 [main] INFO  testCases.TC_001_AccountRegistration - TC_001_AccountRegistration Started
01:01:18.754 [main] INFO  testCases.TC_001_AccountRegistration - Application is Launched
01:01:18.825 [main] INFO  testCases.TC_001_AccountRegistration - Account is Clicked
01:01:19.253 [main] INFO  testCases.TC_001_AccountRegistration - Register is Clicked
01:01:19.309 [main] INFO  testCases.TC_001_AccountRegistration - First Name Entered
01:01:19.364 [main] INFO  testCases.TC_001_AccountRegistration - Last Name entered
01:01:19.427 [main] INFO  testCases.TC_001_AccountRegistration - Email Entered
01:01:19.480 [main] INFO  testCases.TC_001_AccountRegistration - Phone Number entered
01:01:19.535 [main] INFO  testCases.TC_001_AccountRegistration - Password id entered
01:01:19.594 [main] INFO  testCases.TC_001_AccountRegistration - Reset Password is entered
01:01:19.645 [main] INFO  testCases.TC_001_AccountRegistration - Privacy policy clicked
01:01:20.375 [main] INFO  testCases.TC_001_AccountRegistration - Continue is clicked
01:01:20.395 [main] INFO  testCases.TC_001_AccountRegistration - Account Registration is passed
01:01:20.397 [main] INFO  testCases.TC_001_AccountRegistration - TC_001_AccountRegistration Completed
01:01:23.405 [main] INFO  testCases.TC_002_Login - Edge Browser is Launched
01:01:23.528 [main] INFO  testCases.TC_002_Login -  Starting TC_002_Login 
01:01:24.190 [main] INFO  testCases.TC_002_Login - Home Page Displayed 
01:01:24.242 [main] INFO  testCases.TC_002_Login - Clicked on My Account 
01:01:24.597 [main] INFO  testCases.TC_002_Login - Clicked on Login 
01:01:24.666 [main] INFO  testCases.TC_002_Login - Provided Email 
01:01:24.720 [main] INFO  testCases.TC_002_Login - Provided Password 
01:01:25.442 [main] INFO  testCases.TC_002_Login - Clicked on Login
01:01:25.474 [main] INFO  testCases.TC_002_Login - Login Success 
01:01:25.474 [main] INFO  testCases.TC_002_Login -  Finished TC_002_Login 
01:17:58.716 [main] INFO  testCases.TC_001_AccountRegistration - Edge Browser is Launched
01:17:58.868 [main] INFO  testCases.TC_001_AccountRegistration - TC_001_AccountRegistration Started
01:17:59.900 [main] INFO  testCases.TC_001_AccountRegistration - Application is Launched
01:17:59.977 [main] INFO  testCases.TC_001_AccountRegistration - Account is Clicked
01:18:00.422 [main] INFO  testCases.TC_001_AccountRegistration - Register is Clicked
01:18:00.480 [main] INFO  testCases.TC_001_AccountRegistration - First Name Entered
01:18:00.530 [main] INFO  testCases.TC_001_AccountRegistration - Last Name entered
01:18:00.583 [main] INFO  testCases.TC_001_AccountRegistration - Email Entered
01:18:00.632 [main] INFO  testCases.TC_001_AccountRegistration - Phone Number entered
01:18:00.691 [main] INFO  testCases.TC_001_AccountRegistration - Password id entered
01:18:00.748 [main] INFO  testCases.TC_001_AccountRegistration - Reset Password is entered
01:18:00.796 [main] INFO  testCases.TC_001_AccountRegistration - Privacy policy clicked
01:18:01.547 [main] INFO  testCases.TC_001_AccountRegistration - Continue is clicked
01:18:01.574 [main] INFO  testCases.TC_001_AccountRegistration - Account Registration is passed
01:18:01.576 [main] INFO  testCases.TC_001_AccountRegistration - TC_001_AccountRegistration Completed
01:18:04.757 [main] INFO  testCases.TC_002_Login - Edge Browser is Launched
01:18:04.891 [main] INFO  testCases.TC_002_Login -  Starting TC_002_Login 
01:18:05.746 [main] INFO  testCases.TC_002_Login - Home Page Displayed 
01:18:05.793 [main] INFO  testCases.TC_002_Login - Clicked on My Account 
01:18:06.127 [main] INFO  testCases.TC_002_Login - Clicked on Login 
01:18:06.182 [main] INFO  testCases.TC_002_Login - Provided Email 
01:18:06.230 [main] INFO  testCases.TC_002_Login - Provided Password 
01:18:06.931 [main] INFO  testCases.TC_002_Login - Clicked on Login
01:18:06.962 [main] INFO  testCases.TC_002_Login - Login Success 
01:18:06.963 [main] INFO  testCases.TC_002_Login -  Finished TC_002_Login 
01:18:41.505 [main] INFO  testCases.TC_001_AccountRegistration - Edge Browser is Launched
01:18:41.651 [main] INFO  testCases.TC_001_AccountRegistration - TC_001_AccountRegistration Started
01:18:42.673 [main] INFO  testCases.TC_001_AccountRegistration - Application is Launched
01:18:42.747 [main] INFO  testCases.TC_001_AccountRegistration - Account is Clicked
01:18:43.287 [main] INFO  testCases.TC_001_AccountRegistration - Register is Clicked
01:18:43.352 [main] INFO  testCases.TC_001_AccountRegistration - First Name Entered
01:18:43.397 [main] INFO  testCases.TC_001_AccountRegistration - Last Name entered
01:18:43.454 [main] INFO  testCases.TC_001_AccountRegistration - Email Entered
01:18:43.503 [main] INFO  testCases.TC_001_AccountRegistration - Phone Number entered
01:18:43.553 [main] INFO  testCases.TC_001_AccountRegistration - Password id entered
01:18:43.610 [main] INFO  testCases.TC_001_AccountRegistration - Reset Password is entered
01:18:43.660 [main] INFO  testCases.TC_001_AccountRegistration - Privacy policy clicked
01:18:44.457 [main] INFO  testCases.TC_001_AccountRegistration - Continue is clicked
01:18:44.479 [main] INFO  testCases.TC_001_AccountRegistration - Account Registration is passed
01:18:44.480 [main] INFO  testCases.TC_001_AccountRegistration - TC_001_AccountRegistration Completed
01:18:47.497 [main] INFO  testCases.TC_002_Login - Edge Browser is Launched
01:18:47.613 [main] INFO  testCases.TC_002_Login -  Starting TC_002_Login 
01:18:48.839 [main] INFO  testCases.TC_002_Login - Home Page Displayed 
01:18:48.889 [main] INFO  testCases.TC_002_Login - Clicked on My Account 
01:18:49.263 [main] INFO  testCases.TC_002_Login - Clicked on Login 
01:18:49.332 [main] INFO  testCases.TC_002_Login - Provided Email 
01:18:49.386 [main] INFO  testCases.TC_002_Login - Provided Password 
01:18:50.159 [main] INFO  testCases.TC_002_Login - Clicked on Login
01:18:50.197 [main] INFO  testCases.TC_002_Login - Login Success 
01:18:50.197 [main] INFO  testCases.TC_002_Login -  Finished TC_002_Login 
01:22:51.997 [main] INFO  testCases.TC_001_AccountRegistration - Edge Browser is Launched
01:22:52.140 [main] INFO  testCases.TC_001_AccountRegistration - TC_001_AccountRegistration Started
01:22:52.992 [main] INFO  testCases.TC_001_AccountRegistration - Application is Launched
01:22:53.058 [main] INFO  testCases.TC_001_AccountRegistration - Account is Clicked
01:22:53.499 [main] INFO  testCases.TC_001_AccountRegistration - Register is Clicked
01:22:53.554 [main] INFO  testCases.TC_001_AccountRegistration - First Name Entered
01:22:53.601 [main] INFO  testCases.TC_001_AccountRegistration - Last Name entered
01:22:53.657 [main] INFO  testCases.TC_001_AccountRegistration - Email Entered
01:22:53.704 [main] INFO  testCases.TC_001_AccountRegistration - Phone Number entered
01:22:53.753 [main] INFO  testCases.TC_001_AccountRegistration - Password id entered
01:22:53.802 [main] INFO  testCases.TC_001_AccountRegistration - Reset Password is entered
01:22:53.840 [main] INFO  testCases.TC_001_AccountRegistration - Privacy policy clicked
01:22:54.595 [main] INFO  testCases.TC_001_AccountRegistration - Continue is clicked
01:22:54.617 [main] INFO  testCases.TC_001_AccountRegistration - Account Registration is passed
01:22:54.619 [main] INFO  testCases.TC_001_AccountRegistration - TC_001_AccountRegistration Completed
01:22:58.192 [main] INFO  testCases.TC_002_Login - Edge Browser is Launched
01:22:58.316 [main] INFO  testCases.TC_002_Login -  Starting TC_002_Login 
01:22:59.106 [main] INFO  testCases.TC_002_Login - Home Page Displayed 
01:22:59.154 [main] INFO  testCases.TC_002_Login - Clicked on My Account 
01:22:59.493 [main] INFO  testCases.TC_002_Login - Clicked on Login 
01:22:59.553 [main] INFO  testCases.TC_002_Login - Provided Email 
01:22:59.599 [main] INFO  testCases.TC_002_Login - Provided Password 
01:23:00.311 [main] INFO  testCases.TC_002_Login - Clicked on Login
01:23:00.341 [main] INFO  testCases.TC_002_Login - Login Success 
01:23:00.341 [main] INFO  testCases.TC_002_Login -  Finished TC_002_Login 
01:24:15.552 [main] INFO  testCases.TC_002_Login - Edge Browser is Launched
01:24:15.701 [main] INFO  testCases.TC_002_Login -  Starting TC_002_Login 
01:24:16.536 [main] INFO  testCases.TC_002_Login - Home Page Displayed 
01:24:16.608 [main] INFO  testCases.TC_002_Login - Clicked on My Account 
01:24:16.997 [main] INFO  testCases.TC_002_Login - Clicked on Login 
01:24:17.067 [main] INFO  testCases.TC_002_Login - Provided Email 
01:24:17.117 [main] INFO  testCases.TC_002_Login - Provided Password 
01:24:17.862 [main] INFO  testCases.TC_002_Login - Clicked on Login
01:24:17.896 [main] INFO  testCases.TC_002_Login - Login Success 
01:24:17.897 [main] INFO  testCases.TC_002_Login -  Finished TC_002_Login 
01:37:59.990 [main] INFO  testCases.TC_002_Login - Edge Browser is Launched
01:38:00.141 [main] INFO  testCases.TC_002_Login -  Starting TC_002_Login 
01:38:00.892 [main] INFO  testCases.TC_002_Login - Home Page Displayed 
01:38:00.951 [main] INFO  testCases.TC_002_Login - Clicked on My Account 
01:38:01.300 [main] INFO  testCases.TC_002_Login - Clicked on Login 
01:38:01.366 [main] INFO  testCases.TC_002_Login - Provided Email 
01:38:01.421 [main] INFO  testCases.TC_002_Login - Provided Password 
01:38:02.147 [main] INFO  testCases.TC_002_Login - Clicked on Login
01:38:02.178 [main] INFO  testCases.TC_002_Login - Login Success 
01:38:02.179 [main] INFO  testCases.TC_002_Login -  Finished TC_002_Login 
01:38:16.033 [main] INFO  testCases.TC_002_Login - Edge Browser is Launched
01:38:16.181 [main] INFO  testCases.TC_002_Login -  Starting TC_002_Login 
01:38:17.031 [main] INFO  testCases.TC_002_Login - Home Page Displayed 
01:38:17.091 [main] INFO  testCases.TC_002_Login - Clicked on My Account 
01:38:17.440 [main] INFO  testCases.TC_002_Login - Clicked on Login 
01:38:17.511 [main] INFO  testCases.TC_002_Login - Provided Email 
01:38:17.575 [main] INFO  testCases.TC_002_Login - Provided Password 
01:38:18.316 [main] INFO  testCases.TC_002_Login - Clicked on Login
01:38:18.356 [main] INFO  testCases.TC_002_Login - Login Success 
01:38:18.358 [main] INFO  testCases.TC_002_Login -  Finished TC_002_Login 
01:41:31.036 [main] INFO  testCases.TC_002_Login - Edge Browser is Launched
01:41:31.190 [main] INFO  testCases.TC_002_Login -  Starting TC_002_Login 
01:41:31.899 [main] INFO  testCases.TC_002_Login - Home Page Displayed 
01:41:31.972 [main] INFO  testCases.TC_002_Login - Clicked on My Account 
01:41:32.315 [main] INFO  testCases.TC_002_Login - Clicked on Login 
01:41:32.375 [main] INFO  testCases.TC_002_Login - Provided Email 
01:41:32.432 [main] INFO  testCases.TC_002_Login - Provided Password 
01:41:33.127 [main] INFO  testCases.TC_002_Login - Clicked on Login
01:41:33.160 [main] INFO  testCases.TC_002_Login - Login Success 
01:41:33.161 [main] INFO  testCases.TC_002_Login -  Finished TC_002_Login 
01:42:14.375 [main] INFO  testCases.TC_002_Login - Edge Browser is Launched
01:42:14.532 [main] INFO  testCases.TC_002_Login -  Starting TC_002_Login 
01:42:15.581 [main] INFO  testCases.TC_002_Login - Home Page Displayed 
01:42:15.653 [main] INFO  testCases.TC_002_Login - Clicked on My Account 
01:42:16.017 [main] INFO  testCases.TC_002_Login - Clicked on Login 
01:42:16.078 [main] INFO  testCases.TC_002_Login - Provided Email 
01:42:16.132 [main] INFO  testCases.TC_002_Login - Provided Password 
01:42:17.013 [main] INFO  testCases.TC_002_Login - Clicked on Login
01:42:17.051 [main] INFO  testCases.TC_002_Login - Login Success 
01:42:17.052 [main] INFO  testCases.TC_002_Login -  Finished TC_002_Login 
01:42:34.830 [main] INFO  testCases.TC_002_Login - Edge Browser is Launched
01:42:34.970 [main] INFO  testCases.TC_002_Login -  Starting TC_002_Login 
01:42:36.091 [main] INFO  testCases.TC_002_Login - Home Page Displayed 
01:42:36.163 [main] INFO  testCases.TC_002_Login - Clicked on My Account 
01:42:36.511 [main] INFO  testCases.TC_002_Login - Clicked on Login 
01:42:36.575 [main] INFO  testCases.TC_002_Login - Provided Email 
01:42:36.627 [main] INFO  testCases.TC_002_Login - Provided Password 
01:42:37.370 [main] INFO  testCases.TC_002_Login - Clicked on Login
01:42:37.407 [main] INFO  testCases.TC_002_Login - Login Success 
01:42:37.409 [main] INFO  testCases.TC_002_Login -  Finished TC_002_Login 
01:50:08.883 [main] INFO  testCases.TC_002_Login - Edge Browser is Launched
01:50:09.027 [main] INFO  testCases.TC_002_Login -  Starting TC_002_Login 
01:50:10.052 [main] INFO  testCases.TC_002_Login - Home Page Displayed 
01:50:10.122 [main] INFO  testCases.TC_002_Login - Clicked on My Account 
01:50:10.469 [main] INFO  testCases.TC_002_Login - Clicked on Login 
01:50:10.543 [main] INFO  testCases.TC_002_Login - Provided Email 
01:50:10.591 [main] INFO  testCases.TC_002_Login - Provided Password 
01:50:11.333 [main] INFO  testCases.TC_002_Login - Clicked on Login
01:50:11.371 [main] INFO  testCases.TC_002_Login - Login Success 
01:50:11.374 [main] INFO  testCases.TC_002_Login -  Finished TC_002_Login 
01:50:27.416 [main] INFO  testCases.TC_002_Login - Edge Browser is Launched
01:50:27.552 [main] INFO  testCases.TC_002_Login -  Starting TC_002_Login 
01:50:28.570 [main] INFO  testCases.TC_002_Login - Home Page Displayed 
01:50:28.636 [main] INFO  testCases.TC_002_Login - Clicked on My Account 
01:50:28.988 [main] INFO  testCases.TC_002_Login - Clicked on Login 
01:50:29.057 [main] INFO  testCases.TC_002_Login - Provided Email 
01:50:29.108 [main] INFO  testCases.TC_002_Login - Provided Password 
01:50:29.882 [main] INFO  testCases.TC_002_Login - Clicked on Login
01:50:29.921 [main] INFO  testCases.TC_002_Login - Login Success 
01:50:29.923 [main] INFO  testCases.TC_002_Login -  Finished TC_002_Login 
01:51:01.334 [main] INFO  testCases.TC_002_Login - Edge Browser is Launched
01:51:01.478 [main] INFO  testCases.TC_002_Login -  Starting TC_002_Login 
01:51:02.475 [main] INFO  testCases.TC_002_Login - Home Page Displayed 
01:51:02.551 [main] INFO  testCases.TC_002_Login - Clicked on My Account 
01:51:02.903 [main] INFO  testCases.TC_002_Login - Clicked on Login 
01:51:02.977 [main] INFO  testCases.TC_002_Login - Provided Email 
01:51:03.029 [main] INFO  testCases.TC_002_Login - Provided Password 
01:51:03.804 [main] INFO  testCases.TC_002_Login - Clicked on Login
01:51:03.849 [main] INFO  testCases.TC_002_Login - Login Success 
01:51:03.851 [main] INFO  testCases.TC_002_Login -  Finished TC_002_Login 
01:51:20.471 [main] INFO  testCases.TC_002_Login - Edge Browser is Launched
01:51:20.617 [main] INFO  testCases.TC_002_Login -  Starting TC_002_Login 
01:51:21.480 [main] INFO  testCases.TC_002_Login - Home Page Displayed 
01:51:21.559 [main] INFO  testCases.TC_002_Login - Clicked on My Account 
01:51:21.906 [main] INFO  testCases.TC_002_Login - Clicked on Login 
01:51:21.979 [main] INFO  testCases.TC_002_Login - Provided Email 
01:51:22.029 [main] INFO  testCases.TC_002_Login - Provided Password 
01:51:22.764 [main] INFO  testCases.TC_002_Login - Clicked on Login
01:51:22.802 [main] INFO  testCases.TC_002_Login - Login Success 
01:51:22.804 [main] INFO  testCases.TC_002_Login -  Finished TC_002_Login 
01:56:38.738 [main] INFO  testCases.TC_002_Login - Edge Browser is Launched
01:56:38.879 [main] INFO  testCases.TC_002_Login -  Starting TC_002_Login 
01:56:39.910 [main] INFO  testCases.TC_002_Login - Home Page Displayed 
01:56:39.985 [main] INFO  testCases.TC_002_Login - Clicked on My Account 
01:56:40.340 [main] INFO  testCases.TC_002_Login - Clicked on Login 
01:56:40.414 [main] INFO  testCases.TC_002_Login - Provided Email 
01:56:40.471 [main] INFO  testCases.TC_002_Login - Provided Password 
01:56:41.192 [main] INFO  testCases.TC_002_Login - Clicked on Login
01:56:41.230 [main] INFO  testCases.TC_002_Login - Login Success 
01:56:41.231 [main] INFO  testCases.TC_002_Login -  Finished TC_002_Login 
01:57:17.380 [main] INFO  testCases.TC_002_Login - Edge Browser is Launched
01:57:17.542 [main] INFO  testCases.TC_002_Login -  Starting TC_002_Login 
01:57:18.830 [main] INFO  testCases.TC_002_Login - Home Page Displayed 
01:57:18.903 [main] INFO  testCases.TC_002_Login - Clicked on My Account 
01:57:19.263 [main] INFO  testCases.TC_002_Login - Clicked on Login 
01:57:19.337 [main] INFO  testCases.TC_002_Login - Provided Email 
01:57:19.388 [main] INFO  testCases.TC_002_Login - Provided Password 
01:57:20.198 [main] INFO  testCases.TC_002_Login - Clicked on Login
01:57:20.234 [main] INFO  testCases.TC_002_Login - Login Success 
01:57:20.236 [main] INFO  testCases.TC_002_Login -  Finished TC_002_Login 
01:57:44.875 [main] INFO  testCases.TC_002_Login - Edge Browser is Launched
01:57:45.027 [main] INFO  testCases.TC_002_Login -  Starting TC_002_Login 
01:57:45.739 [main] INFO  testCases.TC_002_Login - Home Page Displayed 
01:57:45.808 [main] INFO  testCases.TC_002_Login - Clicked on My Account 
01:57:46.204 [main] INFO  testCases.TC_002_Login - Clicked on Login 
01:57:46.273 [main] INFO  testCases.TC_002_Login - Provided Email 
01:57:46.326 [main] INFO  testCases.TC_002_Login - Provided Password 
01:57:47.085 [main] INFO  testCases.TC_002_Login - Clicked on Login
01:57:47.126 [main] INFO  testCases.TC_002_Login - Login Success 
01:57:47.129 [main] INFO  testCases.TC_002_Login -  Finished TC_002_Login 
